# JRE version: Java(TM) SE Runtime Environment (8.0_60-b27) (build 1.8.0_60-b27)
# Java VM: Java HotSpot(TM) 64-Bit Server VM (25.60-b23 mixed mode windows-amd64 compressed oops)
Heap:
 PSYoungGen      total 226304K, used 137467K [0x00000000d5f80000, 0x00000000e4f00000, 0x0000000100000000)
  eden space 209408K, 65% used [0x00000000d5f80000,0x00000000de5bed40,0x00000000e2c00000)
  from space 16896K, 0% used [0x00000000e3d80000,0x00000000e3d80000,0x00000000e4e00000)
  to   space 17920K, 0% used [0x00000000e2c00000,0x00000000e2c00000,0x00000000e3d80000)
 ParOldGen       total 130560K, used 26425K [0x0000000081e00000, 0x0000000089d80000, 0x00000000d5f80000)
  object space 130560K, 20% used [0x0000000081e00000,0x00000000837ce6d0,0x0000000089d80000)
 Metaspace       used 63673K, capacity 67344K, committed 67672K, reserved 1107968K
  class space    used 8892K, capacity 9514K, committed 9600K, reserved 1048576K
GC Heap History (10 events):
Event: 2.657 GC heap before
{Heap before GC invocations=9 (full 1):
 PSYoungGen      total 116736K, used 44401K [0x00000000d5f80000, 0x00000000e1b00000, 0x0000000100000000)
  eden space 105984K, 31% used [0x00000000d5f80000,0x00000000d805f220,0x00000000dc700000)
  from space 10752K, 99% used [0x00000000dc700000,0x00000000dd17d4b8,0x00000000dd180000)
  to   space 12288K, 0% used [0x00000000e0f00000,0x00000000e0f00000,0x00000000e1b00000)
 ParOldGen       total 56832K, used 7561K [0x0000000081e00000, 0x0000000085580000, 0x00000000d5f80000)
  object space 56832K, 13% used [0x0000000081e00000,0x00000000825625a8,0x0000000085580000)
 Metaspace       used 33146K, capacity 35214K, committed 35416K, reserved 1079296K
  class space    used 4580K, capacity 4965K, committed 4992K, reserved 1048576K
Event: 2.662 GC heap after
Heap after GC invocations=9 (full 1):
 PSYoungGen      total 179200K, used 9905K [0x00000000d5f80000, 0x00000000e1e80000, 0x0000000100000000)
  eden space 166912K, 0% used [0x00000000d5f80000,0x00000000d5f80000,0x00000000e0280000)
  from space 12288K, 80% used [0x00000000e0f00000,0x00000000e18ac778,0x00000000e1b00000)
  to   space 12800K, 0% used [0x00000000e0280000,0x00000000e0280000,0x00000000e0f00000)
 ParOldGen       total 56832K, used 7633K [0x0000000081e00000, 0x0000000085580000, 0x00000000d5f80000)
  object space 56832K, 13% used [0x0000000081e00000,0x00000000825745b8,0x0000000085580000)
 Metaspace       used 33146K, capacity 35214K, committed 35416K, reserved 1079296K
  class space    used 4580K, capacity 4965K, committed 4992K, reserved 1048576K
}
Event: 2.662 GC heap before
{Heap before GC invocations=10 (full 2):
 PSYoungGen      total 179200K, used 9905K [0x00000000d5f80000, 0x00000000e1e80000, 0x0000000100000000)
  eden space 166912K, 0% used [0x00000000d5f80000,0x00000000d5f80000,0x00000000e0280000)
  from space 12288K, 80% used [0x00000000e0f00000,0x00000000e18ac778,0x00000000e1b00000)
  to   space 12800K, 0% used [0x00000000e0280000,0x00000000e0280000,0x00000000e0f00000)
 ParOldGen       total 56832K, used 7633K [0x0000000081e00000, 0x0000000085580000, 0x00000000d5f80000)
  object space 56832K, 13% used [0x0000000081e00000,0x00000000825745b8,0x0000000085580000)
 Metaspace       used 33146K, capacity 35214K, committed 35416K, reserved 1079296K
  class space    used 4580K, capacity 4965K, committed 4992K, reserved 1048576K
Event: 2.708 GC heap after
Heap after GC invocations=10 (full 2):
 PSYoungGen      total 179200K, used 0K [0x00000000d5f80000, 0x00000000e1e80000, 0x0000000100000000)
  eden space 166912K, 0% used [0x00000000d5f80000,0x00000000d5f80000,0x00000000e0280000)
  from space 12288K, 0% used [0x00000000e0f00000,0x00000000e0f00000,0x00000000e1b00000)
  to   space 12800K, 0% used [0x00000000e0280000,0x00000000e0280000,0x00000000e0f00000)
 ParOldGen       total 88064K, used 14517K [0x0000000081e00000, 0x0000000087400000, 0x00000000d5f80000)
  object space 88064K, 16% used [0x0000000081e00000,0x0000000082c2d788,0x0000000087400000)
 Metaspace       used 33146K, capacity 35214K, committed 35416K, reserved 1079296K
  class space    used 4580K, capacity 4965K, committed 4992K, reserved 1048576K
}
Event: 4.277 GC heap before
{Heap before GC invocations=11 (full 2):
 PSYoungGen      total 179200K, used 166912K [0x00000000d5f80000, 0x00000000e1e80000, 0x0000000100000000)
  eden space 166912K, 100% used [0x00000000d5f80000,0x00000000e0280000,0x00000000e0280000)
  from space 12288K, 0% used [0x00000000e0f00000,0x00000000e0f00000,0x00000000e1b00000)
  to   space 12800K, 0% used [0x00000000e0280000,0x00000000e0280000,0x00000000e0f00000)
 ParOldGen       total 88064K, used 14517K [0x0000000081e00000, 0x0000000087400000, 0x00000000d5f80000)
  object space 88064K, 16% used [0x0000000081e00000,0x0000000082c2d788,0x0000000087400000)
 Metaspace       used 50267K, capacity 52740K, committed 53080K, reserved 1095680K
  class space    used 7029K, capacity 7476K, committed 7552K, reserved 1048576K
Event: 4.291 GC heap after
Heap after GC invocations=11 (full 2):
 PSYoungGen      total 179712K, used 12787K [0x00000000d5f80000, 0x00000000e4e00000, 0x0000000100000000)
  eden space 166912K, 0% used [0x00000000d5f80000,0x00000000d5f80000,0x00000000e0280000)
  from space 12800K, 99% used [0x00000000e0280000,0x00000000e0efcca8,0x00000000e0f00000)
  to   space 16896K, 0% used [0x00000000e3d80000,0x00000000e3d80000,0x00000000e4e00000)
 ParOldGen       total 88064K, used 21275K [0x0000000081e00000, 0x0000000087400000, 0x00000000d5f80000)
  object space 88064K, 24% used [0x0000000081e00000,0x00000000832c6d50,0x0000000087400000)
 Metaspace       used 50267K, capacity 52740K, committed 53080K, reserved 1095680K
  class space    used 7029K, capacity 7476K, committed 7552K, reserved 1048576K
}
Event: 4.864 GC heap before
{Heap before GC invocations=12 (full 2):
 PSYoungGen      total 179712K, used 99729K [0x00000000d5f80000, 0x00000000e4e00000, 0x0000000100000000)
  eden space 166912K, 52% used [0x00000000d5f80000,0x00000000db467808,0x00000000e0280000)
  from space 12800K, 99% used [0x00000000e0280000,0x00000000e0efcca8,0x00000000e0f00000)
  to   space 16896K, 0% used [0x00000000e3d80000,0x00000000e3d80000,0x00000000e4e00000)
 ParOldGen       total 88064K, used 21275K [0x0000000081e00000, 0x0000000087400000, 0x00000000d5f80000)
  object space 88064K, 24% used [0x0000000081e00000,0x00000000832c6d50,0x0000000087400000)
 Metaspace       used 55810K, capacity 58926K, committed 59028K, reserved 1099776K
  class space    used 7818K, capacity 8373K, committed 8448K, reserved 1048576K
Event: 4.874 GC heap after
Heap after GC invocations=12 (full 2):
 PSYoungGen      total 226304K, used 14112K [0x00000000d5f80000, 0x00000000e4f00000, 0x0000000100000000)
  eden space 209408K, 0% used [0x00000000d5f80000,0x00000000d5f80000,0x00000000e2c00000)
  from space 16896K, 83% used [0x00000000e3d80000,0x00000000e4b481b0,0x00000000e4e00000)
  to   space 17920K, 0% used [0x00000000e2c00000,0x00000000e2c00000,0x00000000e3d80000)
 ParOldGen       total 88064K, used 21283K [0x0000000081e00000, 0x0000000087400000, 0x00000000d5f80000)
  object space 88064K, 24% used [0x0000000081e00000,0x00000000832c8d50,0x0000000087400000)
 Metaspace       used 55810K, capacity 58926K, committed 59028K, reserved 1099776K
  class space    used 7818K, capacity 8373K, committed 8448K, reserved 1048576K
}
Event: 4.874 GC heap before
{Heap before GC invocations=13 (full 3):
 PSYoungGen      total 226304K, used 14112K [0x00000000d5f80000, 0x00000000e4f00000, 0x0000000100000000)
  eden space 209408K, 0% used [0x00000000d5f80000,0x00000000d5f80000,0x00000000e2c00000)
  from space 16896K, 83% used [0x00000000e3d80000,0x00000000e4b481b0,0x00000000e4e00000)
  to   space 17920K, 0% used [0x00000000e2c00000,0x00000000e2c00000,0x00000000e3d80000)
 ParOldGen       total 88064K, used 21283K [0x0000000081e00000, 0x0000000087400000, 0x00000000d5f80000)
  object space 88064K, 24% used [0x0000000081e00000,0x00000000832c8d50,0x0000000087400000)
 Metaspace       used 55810K, capacity 58926K, committed 59028K, reserved 1099776K
  class space    used 7818K, capacity 8373K, committed 8448K, reserved 1048576K
Event: 5.017 GC heap after
Heap after GC invocations=13 (full 3):
 PSYoungGen      total 226304K, used 0K [0x00000000d5f80000, 0x00000000e4f00000, 0x0000000100000000)
  eden space 209408K, 0% used [0x00000000d5f80000,0x00000000d5f80000,0x00000000e2c00000)
  from space 16896K, 0% used [0x00000000e3d80000,0x00000000e3d80000,0x00000000e4e00000)
  to   space 17920K, 0% used [0x00000000e2c00000,0x00000000e2c00000,0x00000000e3d80000)
 ParOldGen       total 130560K, used 26425K [0x0000000081e00000, 0x0000000089d80000, 0x00000000d5f80000)
  object space 130560K, 20% used [0x0000000081e00000,0x00000000837ce6d0,0x0000000089d80000)
 Metaspace       used 55810K, capacity 58926K, committed 59028K, reserved 1099776K
  class space    used 7818K, capacity 8373K, committed 8448K, reserved 1048576K
}

